<?xml version="1.0" encoding="UTF-8"?>
<testng-results ignored="0" total="3" passed="3" failed="0" skipped="0">
  <reporter-output>
  </reporter-output>
  <suite started-at="2022-11-17T17:49:23 IST" name="Suite" finished-at="2022-11-17T17:49:39 IST" duration-ms="16080">
    <groups>
    </groups>
    <test started-at="2022-11-17T17:49:23 IST" name="Test" finished-at="2022-11-17T17:49:39 IST" duration-ms="16080">
      <class name="Sample_Maven_ELF39.Dms_SearchTest">
        <test-method signature="TC01()[pri:0, instance:Sample_Maven_ELF39.Dms_SearchTest@32910148]" started-at="2022-11-17T17:49:32 IST" name="TC01" finished-at="2022-11-17T17:49:39 IST" duration-ms="6767" status="PASS">
          <reporter-output>
          </reporter-output>
        </test-method> <!-- TC01 -->
      </class> <!-- Sample_Maven_ELF39.Dms_SearchTest -->
      <class name="Sample_Maven_ELF39.Dms_registerTest">
        <test-method signature="register()[pri:0, instance:Sample_Maven_ELF39.Dms_registerTest@672872e1]" started-at="2022-11-17T17:49:23 IST" name="register" finished-at="2022-11-17T17:49:32 IST" duration-ms="9159" status="PASS">
          <reporter-output>
          </reporter-output>
        </test-method> <!-- register -->
      </class> <!-- Sample_Maven_ELF39.Dms_registerTest -->
      <class name="Sample_Maven_ELF39.DemoTest">
        <test-method signature="Demo()[pri:0, instance:Sample_Maven_ELF39.DemoTest@fa36558]" started-at="2022-11-17T17:49:23 IST" name="Demo" finished-at="2022-11-17T17:49:23 IST" duration-ms="15" status="PASS">
          <reporter-output>
          </reporter-output>
        </test-method> <!-- Demo -->
      </class> <!-- Sample_Maven_ELF39.DemoTest -->
    </test> <!-- Test -->
  </suite> <!-- Suite -->
</testng-results>
