<?xml version="1.0" encoding="UTF-8"?>
<!-- Generated by org.testng.reporters.JUnitXMLReporter -->
<testsuite ignored="0" hostname="DESKTOP-4OKVR2V" failures="0" tests="3" name="Test" time="28.103" errors="0" timestamp="2022-12-12T17:11:53 IST">
  <testcase classname="Sample_Maven_ELF39.DemoTest" name="Demo" time="0.013"/>
  <testcase classname="Sample_Maven_ELF39.Dms_registerTest" name="register" time="2.71"/>
  <testcase classname="Sample_Maven_ELF39.Dms_SearchTest" name="TC01" time="1.086"/>
</testsuite> <!-- Test -->
