<?xml version="1.0" encoding="UTF-8"?>
<!-- Generated by org.testng.reporters.JUnitXMLReporter -->
<testsuite ignored="0" hostname="DESKTOP-4OKVR2V" failures="0" tests="3" name="Test" time="16.08" errors="0" timestamp="2022-11-17T17:49:39 IST">
  <testcase classname="Sample_Maven_ELF39.DemoTest" name="Demo" time="0.015"/>
  <testcase classname="Sample_Maven_ELF39.Dms_registerTest" name="register" time="9.159"/>
  <testcase classname="Sample_Maven_ELF39.Dms_SearchTest" name="TC01" time="6.767"/>
</testsuite> <!-- Test -->
