<?xml version="1.0" encoding="UTF-8"?>
<testng-results ignored="0" total="3" passed="3" failed="0" skipped="0">
  <reporter-output>
  </reporter-output>
  <suite started-at="2022-12-12T17:15:41 IST" name="Suite" finished-at="2022-12-12T17:16:02 IST" duration-ms="21219">
    <groups>
    </groups>
    <test started-at="2022-12-12T17:15:41 IST" name="Test" finished-at="2022-12-12T17:16:02 IST" duration-ms="21219">
      <class name="Sample_Maven_ELF39.Dms_SearchTest">
        <test-method is-config="true" signature="Browsersetup()[pri:0, instance:Sample_Maven_ELF39.Dms_SearchTest@2bbf180e]" started-at="2022-12-12T17:15:54 IST" name="Browsersetup" finished-at="2022-12-12T17:16:01 IST" duration-ms="6844" status="PASS">
          <reporter-output>
          </reporter-output>
        </test-method> <!-- Browsersetup -->
        <test-method signature="TC01(java.lang.String)[pri:0, instance:Sample_Maven_ELF39.Dms_SearchTest@2bbf180e]" started-at="2022-12-12T17:16:01 IST" name="TC01" data-provider="search" finished-at="2022-12-12T17:16:02 IST" duration-ms="1021" status="PASS">
          <params>
            <param index="0">
              <value>
                <![CDATA[computers]]>
              </value>
            </param>
          </params>
          <reporter-output>
          </reporter-output>
        </test-method> <!-- TC01 -->
        <test-method is-config="true" signature="Teardown()[pri:0, instance:Sample_Maven_ELF39.Dms_SearchTest@2bbf180e]" started-at="2022-12-12T17:16:02 IST" name="Teardown" finished-at="2022-12-12T17:16:02 IST" duration-ms="333" status="PASS">
          <reporter-output>
          </reporter-output>
        </test-method> <!-- Teardown -->
      </class> <!-- Sample_Maven_ELF39.Dms_SearchTest -->
      <class name="Sample_Maven_ELF39.Dms_registerTest">
        <test-method is-config="true" signature="Browsersetup()[pri:0, instance:Sample_Maven_ELF39.Dms_registerTest@d4342c2]" started-at="2022-12-12T17:15:41 IST" name="Browsersetup" finished-at="2022-12-12T17:15:49 IST" duration-ms="8130" status="PASS">
          <reporter-output>
          </reporter-output>
        </test-method> <!-- Browsersetup -->
        <test-method signature="register(java.lang.String, java.lang.String, java.lang.String, java.lang.String, java.lang.String)[pri:0, instance:Sample_Maven_ELF39.Dms_registerTest@d4342c2]" started-at="2022-12-12T17:15:51 IST" name="register" data-provider="reg" finished-at="2022-12-12T17:15:54 IST" duration-ms="2561" status="PASS">
          <params>
            <param index="0">
              <value>
                <![CDATA[Pramod ]]>
              </value>
            </param>
            <param index="1">
              <value>
                <![CDATA[Raj]]>
              </value>
            </param>
            <param index="2">
              <value>
                <![CDATA[pramod001@gmail.com]]>
              </value>
            </param>
            <param index="3">
              <value>
                <![CDATA[Raj#123]]>
              </value>
            </param>
            <param index="4">
              <value>
                <![CDATA[Raj#123]]>
              </value>
            </param>
          </params>
          <reporter-output>
          </reporter-output>
        </test-method> <!-- register -->
        <test-method is-config="true" signature="Teardown()[pri:0, instance:Sample_Maven_ELF39.Dms_registerTest@d4342c2]" started-at="2022-12-12T17:15:54 IST" name="Teardown" finished-at="2022-12-12T17:15:54 IST" duration-ms="242" status="PASS">
          <reporter-output>
          </reporter-output>
        </test-method> <!-- Teardown -->
      </class> <!-- Sample_Maven_ELF39.Dms_registerTest -->
      <class name="Sample_Maven_ELF39.DemoTest">
        <test-method signature="Demo()[pri:0, instance:Sample_Maven_ELF39.DemoTest@4e91d63f]" started-at="2022-12-12T17:15:41 IST" name="Demo" finished-at="2022-12-12T17:15:41 IST" duration-ms="7" status="PASS">
          <reporter-output>
          </reporter-output>
        </test-method> <!-- Demo -->
      </class> <!-- Sample_Maven_ELF39.DemoTest -->
    </test> <!-- Test -->
  </suite> <!-- Suite -->
</testng-results>
