<?xml version="1.0" encoding="UTF-8"?>
<testng-results ignored="0" total="3" passed="3" failed="0" skipped="0">
  <reporter-output>
  </reporter-output>
  <suite started-at="2022-12-12T18:08:27 IST" name="Suite" finished-at="2022-12-12T18:08:49 IST" duration-ms="21524">
    <groups>
    </groups>
    <test started-at="2022-12-12T18:08:27 IST" name="Test" finished-at="2022-12-12T18:08:49 IST" duration-ms="21524">
      <class name="Sample_Maven_ELF39.Dms_SearchTest">
        <test-method is-config="true" signature="Browsersetup()[pri:0, instance:Sample_Maven_ELF39.Dms_SearchTest@27ff5d15]" started-at="2022-12-12T18:08:40 IST" name="Browsersetup" finished-at="2022-12-12T18:08:47 IST" duration-ms="7147" status="PASS">
          <reporter-output>
          </reporter-output>
        </test-method> <!-- Browsersetup -->
        <test-method signature="TC01(java.lang.String)[pri:0, instance:Sample_Maven_ELF39.Dms_SearchTest@27ff5d15]" started-at="2022-12-12T18:08:48 IST" name="TC01" data-provider="search" finished-at="2022-12-12T18:08:49 IST" duration-ms="998" status="PASS">
          <params>
            <param index="0">
              <value>
                <![CDATA[computers]]>
              </value>
            </param>
          </params>
          <reporter-output>
          </reporter-output>
        </test-method> <!-- TC01 -->
        <test-method is-config="true" signature="Teardown()[pri:0, instance:Sample_Maven_ELF39.Dms_SearchTest@27ff5d15]" started-at="2022-12-12T18:08:49 IST" name="Teardown" finished-at="2022-12-12T18:08:49 IST" duration-ms="230" status="PASS">
          <reporter-output>
          </reporter-output>
        </test-method> <!-- Teardown -->
      </class> <!-- Sample_Maven_ELF39.Dms_SearchTest -->
      <class name="Sample_Maven_ELF39.Dms_registerTest">
        <test-method is-config="true" signature="Browsersetup()[pri:0, instance:Sample_Maven_ELF39.Dms_registerTest@1613674b]" started-at="2022-12-12T18:08:27 IST" name="Browsersetup" finished-at="2022-12-12T18:08:35 IST" duration-ms="7668" status="PASS">
          <reporter-output>
          </reporter-output>
        </test-method> <!-- Browsersetup -->
        <test-method signature="register(java.lang.String, java.lang.String, java.lang.String, java.lang.String, java.lang.String)[pri:0, instance:Sample_Maven_ELF39.Dms_registerTest@1613674b]" started-at="2022-12-12T18:08:38 IST" name="register" data-provider="reg" finished-at="2022-12-12T18:08:40 IST" duration-ms="2275" status="PASS">
          <params>
            <param index="0">
              <value>
                <![CDATA[Pramod ]]>
              </value>
            </param>
            <param index="1">
              <value>
                <![CDATA[Raj]]>
              </value>
            </param>
            <param index="2">
              <value>
                <![CDATA[pramod001@gmail.com]]>
              </value>
            </param>
            <param index="3">
              <value>
                <![CDATA[Raj#123]]>
              </value>
            </param>
            <param index="4">
              <value>
                <![CDATA[Raj#123]]>
              </value>
            </param>
          </params>
          <reporter-output>
          </reporter-output>
        </test-method> <!-- register -->
        <test-method is-config="true" signature="Teardown()[pri:0, instance:Sample_Maven_ELF39.Dms_registerTest@1613674b]" started-at="2022-12-12T18:08:40 IST" name="Teardown" finished-at="2022-12-12T18:08:40 IST" duration-ms="344" status="PASS">
          <reporter-output>
          </reporter-output>
        </test-method> <!-- Teardown -->
      </class> <!-- Sample_Maven_ELF39.Dms_registerTest -->
      <class name="Sample_Maven_ELF39.DemoTest">
        <test-method signature="Demo()[pri:0, instance:Sample_Maven_ELF39.DemoTest@5ace1ed4]" started-at="2022-12-12T18:08:27 IST" name="Demo" finished-at="2022-12-12T18:08:27 IST" duration-ms="7" status="PASS">
          <reporter-output>
          </reporter-output>
        </test-method> <!-- Demo -->
      </class> <!-- Sample_Maven_ELF39.DemoTest -->
    </test> <!-- Test -->
  </suite> <!-- Suite -->
</testng-results>
