<?xml version="1.0" encoding="UTF-8"?>
<!-- Generated by org.testng.reporters.JUnitXMLReporter -->
<testsuite ignored="0" hostname="DESKTOP-4OKVR2V" failures="0" tests="3" name="Test" time="21.541" errors="0" timestamp="2022-12-12T16:11:36 IST">
  <testcase classname="Sample_Maven_ELF39.DemoTest" name="Demo" time="0.007"/>
  <testcase classname="Sample_Maven_ELF39.Dms_registerTest" name="register" time="2.525"/>
  <testcase classname="Sample_Maven_ELF39.Dms_SearchTest" name="TC01" time="1.141"/>
</testsuite> <!-- Test -->
